<?xml version="1.0" encoding="UTF-8"?>
<coverage generated="1766935659647" clover="3.2.0">
  <project timestamp="1766935659647" name="All files">
    <metrics statements="52" coveredstatements="48" conditionals="9" coveredconditionals="6" methods="24" coveredmethods="23" elements="85" coveredelements="77" complexity="0" loc="52" ncloc="52" packages="1" files="6" classes="6"/>
    <file name="TodoCheckbox.tsx" path="/Users/tanya/Projects/todo-app-2025/src/features/todos/TodoCheckbox.tsx">
      <metrics statements="4" coveredstatements="4" conditionals="0" coveredconditionals="0" methods="2" coveredmethods="2"/>
      <line num="1" count="1" type="stmt"/>
      <line num="2" count="3" type="stmt"/>
      <line num="6" count="1" type="stmt"/>
      <line num="13" count="1" type="stmt"/>
    </file>
    <file name="TodoDelete.tsx" path="/Users/tanya/Projects/todo-app-2025/src/features/todos/TodoDelete.tsx">
      <metrics statements="4" coveredstatements="4" conditionals="0" coveredconditionals="0" methods="2" coveredmethods="2"/>
      <line num="1" count="1" type="stmt"/>
      <line num="2" count="3" type="stmt"/>
      <line num="4" count="1" type="stmt"/>
      <line num="9" count="1" type="stmt"/>
    </file>
    <file name="TodoItem.tsx" path="/Users/tanya/Projects/todo-app-2025/src/features/todos/TodoItem.tsx">
      <metrics statements="7" coveredstatements="7" conditionals="0" coveredconditionals="0" methods="1" coveredmethods="1"/>
      <line num="1" count="1" type="stmt"/>
      <line num="3" count="1" type="stmt"/>
      <line num="4" count="1" type="stmt"/>
      <line num="12" count="1" type="stmt"/>
      <line num="13" count="3" type="stmt"/>
      <line num="15" count="3" type="stmt"/>
      <line num="22" count="1" type="stmt"/>
    </file>
    <file name="todoConst.tsx" path="/Users/tanya/Projects/todo-app-2025/src/features/todos/todoConst.tsx">
      <metrics statements="3" coveredstatements="3" conditionals="0" coveredconditionals="0" methods="0" coveredmethods="0"/>
      <line num="1" count="1" type="stmt"/>
      <line num="7" count="1" type="stmt"/>
      <line num="13" count="1" type="stmt"/>
    </file>
    <file name="todoSotre.ts" path="/Users/tanya/Projects/todo-app-2025/src/features/todos/todoSotre.ts">
      <metrics statements="21" coveredstatements="20" conditionals="2" coveredconditionals="2" methods="15" coveredmethods="14"/>
      <line num="1" count="1" type="stmt"/>
      <line num="2" count="1" type="stmt"/>
      <line num="3" count="1" type="stmt"/>
      <line num="4" count="1" type="stmt"/>
      <line num="25" count="1" type="stmt"/>
      <line num="28" count="1" type="stmt"/>
      <line num="34" count="3" type="stmt"/>
      <line num="36" count="3" type="stmt"/>
      <line num="40" count="1" type="stmt"/>
      <line num="41" count="1" type="stmt"/>
      <line num="42" count="3" type="stmt"/>
      <line num="44" count="1" type="stmt"/>
      <line num="47" count="10" type="stmt"/>
      <line num="55" count="3" type="stmt"/>
      <line num="57" count="7" type="cond" truecount="2" falsecount="0"/>
      <line num="61" count="1" type="stmt"/>
      <line num="62" count="2" type="stmt"/>
      <line num="65" count="3" type="stmt"/>
      <line num="66" count="0" type="stmt"/>
      <line num="70" count="22" type="stmt"/>
      <line num="81" count="1" type="stmt"/>
    </file>
    <file name="todoUtils.js" path="/Users/tanya/Projects/todo-app-2025/src/features/todos/todoUtils.js">
      <metrics statements="13" coveredstatements="10" conditionals="7" coveredconditionals="4" methods="4" coveredmethods="4"/>
      <line num="1" count="1" type="stmt"/>
      <line num="2" count="1" type="stmt"/>
      <line num="4" count="1" type="stmt"/>
      <line num="5" count="3" type="cond" truecount="3" falsecount="0"/>
      <line num="7" count="3" type="stmt"/>
      <line num="9" count="3" type="stmt"/>
      <line num="11" count="1" type="stmt"/>
      <line num="15" count="1" type="stmt"/>
      <line num="16" count="10" type="cond" truecount="1" falsecount="3"/>
      <line num="18" count="10" type="stmt"/>
      <line num="20" count="0" type="stmt"/>
      <line num="22" count="0" type="stmt"/>
      <line num="24" count="0" type="stmt"/>
    </file>
  </project>
</coverage>
