{"/Users/tanya/Projects/todo-app-2025/src/features/todos/TodoCheckbox.tsx": {"path":"/Users/tanya/Projects/todo-app-2025/src/features/todos/TodoCheckbox.tsx","statementMap":{"0":{"start":{"line":1,"column":21},"end":{"line":11,"column":1}},"1":{"start":{"line":2,"column":4},"end":{"line":10,"column":null}},"2":{"start":{"line":6,"column":19},"end":{"line":6,"column":null}},"3":{"start":{"line":13,"column":0},"end":{"line":13,"column":28}}},"fnMap":{"0":{"name":"(anonymous_0)","decl":{"start":{"line":1,"column":21},"end":{"line":1,"column":22}},"loc":{"start":{"line":1,"column":46},"end":{"line":11,"column":1}}},"1":{"name":"(anonymous_1)","decl":{"start":{"line":5,"column":25},"end":{"line":5,"column":27}},"loc":{"start":{"line":5,"column":29},"end":{"line":7,"column":16}}}},"branchMap":{},"s":{"0":1,"1":3,"2":1,"3":1},"f":{"0":3,"1":1},"b":{}}
,"/Users/tanya/Projects/todo-app-2025/src/features/todos/TodoDelete.tsx": {"path":"/Users/tanya/Projects/todo-app-2025/src/features/todos/TodoDelete.tsx","statementMap":{"0":{"start":{"line":1,"column":19},"end":{"line":7,"column":1}},"1":{"start":{"line":2,"column":4},"end":{"line":6,"column":null}},"2":{"start":{"line":4,"column":12},"end":{"line":4,"column":30}},"3":{"start":{"line":9,"column":0},"end":{"line":9,"column":26}}},"fnMap":{"0":{"name":"(anonymous_0)","decl":{"start":{"line":1,"column":19},"end":{"line":1,"column":20}},"loc":{"start":{"line":1,"column":42},"end":{"line":7,"column":1}}},"1":{"name":"(anonymous_1)","decl":{"start":{"line":3,"column":25},"end":{"line":3,"column":28}},"loc":{"start":{"line":3,"column":30},"end":{"line":5,"column":9}}}},"branchMap":{},"s":{"0":1,"1":3,"2":1,"3":1},"f":{"0":3,"1":1},"b":{}}
,"/Users/tanya/Projects/todo-app-2025/src/features/todos/TodoItem.tsx": {"path":"/Users/tanya/Projects/todo-app-2025/src/features/todos/TodoItem.tsx","statementMap":{"0":{"start":{"line":1,"column":0},"end":{"line":1,"column":36}},"1":{"start":{"line":3,"column":0},"end":{"line":3,"column":42}},"2":{"start":{"line":4,"column":0},"end":{"line":4,"column":38}},"3":{"start":{"line":12,"column":17},"end":{"line":20,"column":1}},"4":{"start":{"line":13,"column":15},"end":{"line":13,"column":22}},"5":{"start":{"line":15,"column":4},"end":{"line":19,"column":null}},"6":{"start":{"line":22,"column":0},"end":{"line":22,"column":30}}},"fnMap":{"0":{"name":"(anonymous_1)","decl":{"start":{"line":12,"column":17},"end":{"line":12,"column":18}},"loc":{"start":{"line":12,"column":66},"end":{"line":20,"column":1}}}},"branchMap":{},"s":{"0":1,"1":1,"2":1,"3":1,"4":3,"5":3,"6":1},"f":{"0":3},"b":{}}
,"/Users/tanya/Projects/todo-app-2025/src/features/todos/todoConst.tsx": {"path":"/Users/tanya/Projects/todo-app-2025/src/features/todos/todoConst.tsx","statementMap":{"0":{"start":{"line":1,"column":16},"end":{"line":5,"column":null}},"1":{"start":{"line":13,"column":10},"end":{"line":13,"column":17}},"2":{"start":{"line":7,"column":15},"end":{"line":11,"column":null}},"3":{"start":{"line":13,"column":19},"end":{"line":13,"column":25}}},"fnMap":{},"branchMap":{},"s":{"0":1,"1":1,"2":1,"3":1},"f":{},"b":{}}
,"/Users/tanya/Projects/todo-app-2025/src/features/todos/todoSotre.ts": {"path":"/Users/tanya/Projects/todo-app-2025/src/features/todos/todoSotre.ts","statementMap":{"0":{"start":{"line":1,"column":0},"end":{"line":1,"column":33}},"1":{"start":{"line":2,"column":0},"end":{"line":2,"column":55}},"2":{"start":{"line":3,"column":0},"end":{"line":3,"column":46}},"3":{"start":{"line":4,"column":0},"end":{"line":4,"column":75}},"4":{"start":{"line":25,"column":13},"end":{"line":79,"column":2}},"5":{"start":{"line":28,"column":27},"end":{"line":67,"column":14}},"6":{"start":{"line":34,"column":46},"end":{"line":34,"column":51}},"7":{"start":{"line":36,"column":20},"end":{"line":36,"column":59}},"8":{"start":{"line":40,"column":38},"end":{"line":40,"column":43}},"9":{"start":{"line":41,"column":34},"end":{"line":41,"column":46}},"10":{"start":{"line":42,"column":38},"end":{"line":42,"column":75}},"11":{"start":{"line":42,"column":56},"end":{"line":42,"column":67}},"12":{"start":{"line":44,"column":20},"end":{"line":44,"column":75}},"13":{"start":{"line":47,"column":35},"end":{"line":53,"column":19}},"14":{"start":{"line":47,"column":51},"end":{"line":53,"column":18}},"15":{"start":{"line":55,"column":36},"end":{"line":59,"column":19}},"16":{"start":{"line":55,"column":52},"end":{"line":59,"column":18}},"17":{"start":{"line":57,"column":24},"end":{"line":57,"column":87}},"18":{"start":{"line":61,"column":36},"end":{"line":63,"column":19}},"19":{"start":{"line":61,"column":52},"end":{"line":63,"column":18}},"20":{"start":{"line":62,"column":54},"end":{"line":62,"column":68}},"21":{"start":{"line":65,"column":39},"end":{"line":65,"column":54}},"22":{"start":{"line":66,"column":41},"end":{"line":66,"column":66}},"23":{"start":{"line":70,"column":40},"end":{"line":74,"column":18}},"24":{"start":{"line":81,"column":0},"end":{"line":81,"column":28}}},"fnMap":{"0":{"name":"(anonymous_0)","decl":{"start":{"line":28,"column":12},"end":{"line":28,"column":13}},"loc":{"start":{"line":28,"column":27},"end":{"line":67,"column":14}}},"1":{"name":"(anonymous_1)","decl":{"start":{"line":33,"column":31},"end":{"line":33,"column":34}},"loc":{"start":{"line":33,"column":36},"end":{"line":37,"column":17}}},"2":{"name":"(anonymous_2)","decl":{"start":{"line":39,"column":23},"end":{"line":39,"column":26}},"loc":{"start":{"line":39,"column":28},"end":{"line":45,"column":17}}},"3":{"name":"(anonymous_3)","decl":{"start":{"line":42,"column":51},"end":{"line":42,"column":52}},"loc":{"start":{"line":42,"column":56},"end":{"line":42,"column":67}}},"4":{"name":"(anonymous_4)","decl":{"start":{"line":47,"column":25},"end":{"line":47,"column":26}},"loc":{"start":{"line":47,"column":35},"end":{"line":53,"column":19}}},"5":{"name":"(anonymous_5)","decl":{"start":{"line":47,"column":39},"end":{"line":47,"column":40}},"loc":{"start":{"line":47,"column":51},"end":{"line":53,"column":18}}},"6":{"name":"(anonymous_6)","decl":{"start":{"line":55,"column":28},"end":{"line":55,"column":29}},"loc":{"start":{"line":55,"column":36},"end":{"line":59,"column":19}}},"7":{"name":"(anonymous_7)","decl":{"start":{"line":55,"column":40},"end":{"line":55,"column":41}},"loc":{"start":{"line":55,"column":52},"end":{"line":59,"column":18}}},"8":{"name":"(anonymous_8)","decl":{"start":{"line":56,"column":43},"end":{"line":56,"column":47}},"loc":{"start":{"line":57,"column":24},"end":{"line":57,"column":87}}},"9":{"name":"(anonymous_9)","decl":{"start":{"line":61,"column":28},"end":{"line":61,"column":29}},"loc":{"start":{"line":61,"column":36},"end":{"line":63,"column":19}}},"10":{"name":"(anonymous_10)","decl":{"start":{"line":61,"column":40},"end":{"line":61,"column":41}},"loc":{"start":{"line":61,"column":52},"end":{"line":63,"column":18}}},"11":{"name":"(anonymous_11)","decl":{"start":{"line":62,"column":46},"end":{"line":62,"column":50}},"loc":{"start":{"line":62,"column":54},"end":{"line":62,"column":68}}},"12":{"name":"(anonymous_12)","decl":{"start":{"line":65,"column":27},"end":{"line":65,"column":28}},"loc":{"start":{"line":65,"column":39},"end":{"line":65,"column":54}}},"13":{"name":"(anonymous_13)","decl":{"start":{"line":66,"column":29},"end":{"line":66,"column":30}},"loc":{"start":{"line":66,"column":41},"end":{"line":66,"column":66}}},"14":{"name":"(anonymous_14)","decl":{"start":{"line":70,"column":28},"end":{"line":70,"column":29}},"loc":{"start":{"line":70,"column":40},"end":{"line":74,"column":18}}}},"branchMap":{"0":{"loc":{"start":{"line":57,"column":24},"end":{"line":57,"column":87}},"type":"cond-expr","locations":[{"start":{"line":57,"column":41},"end":{"line":57,"column":80}},{"start":{"line":57,"column":83},"end":{"line":57,"column":87}}]}},"s":{"0":1,"1":1,"2":1,"3":1,"4":1,"5":1,"6":3,"7":3,"8":1,"9":1,"10":1,"11":3,"12":1,"13":10,"14":10,"15":3,"16":3,"17":7,"18":1,"19":1,"20":2,"21":3,"22":0,"23":22,"24":1},"f":{"0":1,"1":3,"2":1,"3":3,"4":10,"5":10,"6":3,"7":3,"8":7,"9":1,"10":1,"11":2,"12":3,"13":0,"14":22},"b":{"0":[3,4]}}
,"/Users/tanya/Projects/todo-app-2025/src/features/todos/todoUtils.js": {"path":"/Users/tanya/Projects/todo-app-2025/src/features/todos/todoUtils.js","statementMap":{"0":{"start":{"line":1,"column":0},"end":{"line":1,"column":46}},"1":{"start":{"line":2,"column":0},"end":{"line":2,"column":32}},"2":{"start":{"line":4,"column":32},"end":{"line":13,"column":1}},"3":{"start":{"line":5,"column":4},"end":{"line":12,"column":5}},"4":{"start":{"line":7,"column":12},"end":{"line":7,"column":58}},"5":{"start":{"line":7,"column":41},"end":{"line":7,"column":56}},"6":{"start":{"line":9,"column":12},"end":{"line":9,"column":57}},"7":{"start":{"line":9,"column":41},"end":{"line":9,"column":55}},"8":{"start":{"line":11,"column":12},"end":{"line":11,"column":25}},"9":{"start":{"line":4,"column":13},"end":{"line":4,"column":32}},"10":{"start":{"line":15,"column":42},"end":{"line":26,"column":1}},"11":{"start":{"line":16,"column":4},"end":{"line":25,"column":5}},"12":{"start":{"line":18,"column":12},"end":{"line":18,"column":39}},"13":{"start":{"line":20,"column":12},"end":{"line":20,"column":null}},"14":{"start":{"line":22,"column":12},"end":{"line":22,"column":null}},"15":{"start":{"line":24,"column":12},"end":{"line":24,"column":39}},"16":{"start":{"line":15,"column":13},"end":{"line":15,"column":42}}},"fnMap":{"0":{"name":"(anonymous_0)","decl":{"start":{"line":4,"column":32},"end":{"line":4,"column":33}},"loc":{"start":{"line":4,"column":50},"end":{"line":13,"column":1}}},"1":{"name":"(anonymous_1)","decl":{"start":{"line":7,"column":33},"end":{"line":7,"column":37}},"loc":{"start":{"line":7,"column":41},"end":{"line":7,"column":56}}},"2":{"name":"(anonymous_2)","decl":{"start":{"line":9,"column":33},"end":{"line":9,"column":37}},"loc":{"start":{"line":9,"column":41},"end":{"line":9,"column":55}}},"3":{"name":"(anonymous_3)","decl":{"start":{"line":15,"column":42},"end":{"line":15,"column":43}},"loc":{"start":{"line":15,"column":53},"end":{"line":26,"column":1}}}},"branchMap":{"0":{"loc":{"start":{"line":5,"column":4},"end":{"line":12,"column":5}},"type":"switch","locations":[{"start":{"line":6,"column":8},"end":{"line":7,"column":58}},{"start":{"line":8,"column":8},"end":{"line":9,"column":57}},{"start":{"line":10,"column":8},"end":{"line":11,"column":25}}]},"1":{"loc":{"start":{"line":16,"column":4},"end":{"line":25,"column":5}},"type":"switch","locations":[{"start":{"line":17,"column":8},"end":{"line":18,"column":39}},{"start":{"line":19,"column":8},"end":{"line":20,"column":null}},{"start":{"line":21,"column":8},"end":{"line":22,"column":null}},{"start":{"line":23,"column":8},"end":{"line":24,"column":39}}]}},"s":{"0":1,"1":1,"2":1,"3":3,"4":1,"5":3,"6":1,"7":3,"8":1,"9":1,"10":1,"11":10,"12":10,"13":0,"14":0,"15":0,"16":1},"f":{"0":3,"1":3,"2":3,"3":10},"b":{"0":[1,1,1],"1":[10,0,0,0]}}
}
