TN:
SF:src/features/todos/TodoCheckbox.tsx
FN:1,(anonymous_0)
FN:5,(anonymous_1)
FNF:2
FNH:2
FNDA:3,(anonymous_0)
FNDA:1,(anonymous_1)
DA:1,1
DA:2,3
DA:6,1
DA:13,1
LF:4
LH:4
BRF:0
BRH:0
end_of_record
TN:
SF:src/features/todos/TodoDelete.tsx
FN:1,(anonymous_0)
FN:3,(anonymous_1)
FNF:2
FNH:2
FNDA:3,(anonymous_0)
FNDA:1,(anonymous_1)
DA:1,1
DA:2,3
DA:4,1
DA:9,1
LF:4
LH:4
BRF:0
BRH:0
end_of_record
TN:
SF:src/features/todos/TodoItem.tsx
FN:12,(anonymous_1)
FNF:1
FNH:1
FNDA:3,(anonymous_1)
DA:1,1
DA:3,1
DA:4,1
DA:12,1
DA:13,3
DA:15,3
DA:22,1
LF:7
LH:7
BRF:0
BRH:0
end_of_record
TN:
SF:src/features/todos/todoConst.tsx
FNF:0
FNH:0
DA:1,1
DA:7,1
DA:13,1
LF:3
LH:3
BRF:0
BRH:0
end_of_record
TN:
SF:src/features/todos/todoSotre.ts
FN:28,(anonymous_0)
FN:33,(anonymous_1)
FN:39,(anonymous_2)
FN:42,(anonymous_3)
FN:47,(anonymous_4)
FN:47,(anonymous_5)
FN:55,(anonymous_6)
FN:55,(anonymous_7)
FN:56,(anonymous_8)
FN:61,(anonymous_9)
FN:61,(anonymous_10)
FN:62,(anonymous_11)
FN:65,(anonymous_12)
FN:66,(anonymous_13)
FN:70,(anonymous_14)
FNF:15
FNH:14
FNDA:1,(anonymous_0)
FNDA:3,(anonymous_1)
FNDA:1,(anonymous_2)
FNDA:3,(anonymous_3)
FNDA:10,(anonymous_4)
FNDA:10,(anonymous_5)
FNDA:3,(anonymous_6)
FNDA:3,(anonymous_7)
FNDA:7,(anonymous_8)
FNDA:1,(anonymous_9)
FNDA:1,(anonymous_10)
FNDA:2,(anonymous_11)
FNDA:3,(anonymous_12)
FNDA:0,(anonymous_13)
FNDA:22,(anonymous_14)
DA:1,1
DA:2,1
DA:3,1
DA:4,1
DA:25,1
DA:28,1
DA:34,3
DA:36,3
DA:40,1
DA:41,1
DA:42,3
DA:44,1
DA:47,10
DA:55,3
DA:57,7
DA:61,1
DA:62,2
DA:65,3
DA:66,0
DA:70,22
DA:81,1
LF:21
LH:20
BRDA:57,0,0,3
BRDA:57,0,1,4
BRF:2
BRH:2
end_of_record
TN:
SF:src/features/todos/todoUtils.js
FN:4,(anonymous_0)
FN:7,(anonymous_1)
FN:9,(anonymous_2)
FN:15,(anonymous_3)
FNF:4
FNH:4
FNDA:3,(anonymous_0)
FNDA:3,(anonymous_1)
FNDA:3,(anonymous_2)
FNDA:10,(anonymous_3)
DA:1,1
DA:2,1
DA:4,1
DA:5,3
DA:7,3
DA:9,3
DA:11,1
DA:15,1
DA:16,10
DA:18,10
DA:20,0
DA:22,0
DA:24,0
LF:13
LH:10
BRDA:5,0,0,1
BRDA:5,0,1,1
BRDA:5,0,2,1
BRDA:16,1,0,10
BRDA:16,1,1,0
BRDA:16,1,2,0
BRDA:16,1,3,0
BRF:7
BRH:4
end_of_record
